-1 (9, 0)
-2 (2, 0)
-1 (7, 0)
17 (-1, -1)
-1 (9, 0)
-1 (8, 0)
18 (-1, -1)
-1 (9, 1)
17 (-1, -1)
-1 (7, 1)
15 (-1, -1)
-3 (2, 0)
16 (-1, -1)
17 (-1, -1)
-1 (7, 0)
10 (-1, -1)
-1 (7, 2)
15 (-1, -1)
16 (-1, -1)
17 (-1, -1)
-1 (8, 0)
10 (-1, -1)
-1 (7, 2)
15 (-1, -1)
16 (-1, -1)
17 (-1, -1)
-1 (9, 1)
10 (-1, -1)
-1 (7, 2)
15 (-1, -1)
16 (-1, -1)
17 (-1, -1)
-1 (9, 0)
-1 (4, 0)
10 (-1, -1)
-1 (7, 0)
17 (-1, -1)
-1 (7, 3)
15 (-1, -1)
-1 (4, 0)
9 (-1, -1)
-1 (8, 0)
16 (-1, -1)
13 (-1, -1)
-1 (4, 0)
10 (-1, -1)
-1 (8, 0)
17 (-1, -1)
14 (-1, -1)
-1 (7, 3)
15 (-1, -1)
-1 (4, 0)
9 (-1, -1)
-1 (9, 1)
16 (-1, -1)
13 (-1, -1)
-1 (4, 0)
10 (-1, -1)
-1 (9, 1)
17 (-1, -1)
14 (-1, -1)
-1 (7, 1)
15 (-1, -1)
-3 (2, 1)
16 (-1, -1)
17 (-1, -1)
-1 (7, 1)
15 (-1, -1)
-1 (4, 0)
16 (-1, -1)
17 (-1, -1)
